2022-07-21 23:26:22,190 INFO    MainThread:43899 [wandb_setup.py:_flush():76] Configure stats pid to 43899
2022-07-21 23:26:22,190 INFO    MainThread:43899 [wandb_setup.py:_flush():76] Loading settings from /Users/ilgeehong/.config/wandb/settings
2022-07-21 23:26:22,190 INFO    MainThread:43899 [wandb_setup.py:_flush():76] Loading settings from /Users/ilgeehong/Desktop/SemGCon/Ours/wandb/settings
2022-07-21 23:26:22,190 INFO    MainThread:43899 [wandb_setup.py:_flush():76] Loading settings from environment variables: {'project': 'contrastive-learning-on-graphs'}
2022-07-21 23:26:22,190 INFO    MainThread:43899 [wandb_setup.py:_flush():76] Inferring run settings from compute environment: {'program_relpath': 'hyperparameter.py', 'program': '/Users/ilgeehong/Desktop/SemGCon/Ours/hyperparameter.py'}
2022-07-21 23:26:22,190 INFO    MainThread:43899 [wandb_init.py:_log_setup():461] Logging user logs to /Users/ilgeehong/Desktop/SemGCon/Ours/wandb/run-20220721_232622-36rhcaiw/logs/debug.log
2022-07-21 23:26:22,191 INFO    MainThread:43899 [wandb_init.py:_log_setup():462] Logging internal logs to /Users/ilgeehong/Desktop/SemGCon/Ours/wandb/run-20220721_232622-36rhcaiw/logs/debug-internal.log
2022-07-21 23:26:22,191 INFO    MainThread:43899 [wandb_init.py:init():495] calling init triggers
2022-07-21 23:26:22,191 INFO    MainThread:43899 [wandb_init.py:init():498] wandb.init called with sweep_config: {}
config: {'method': 'grid', 'metric': {'goal': 'minimize', 'name': 'best_val_loss'}, 'parameters': {'channels': {'values': [128, 256, 512, 1024]}, 'dre': {'values': [0, 0.1, 0.2, 0.3, 0.4, 0.5]}, 'drf': {'values': [0, 0.1, 0.2, 0.3, 0.4, 0.5]}, 'epochs': {'values': [20, 50, 100, 150, 200]}, 'lr1': {'values': [0.0005, 0.001, 0.005, 0.01]}, 'lr2': {'values': [0.001, 0.005, 0.01]}, 'n_layers': {'values': [1, 2, 3]}, 'tau': {'values': [0.1, 0.3, 0.5, 0.7, 0.9]}, 'wd1': {'values': [0.0005, 0.001, 0.005, 0.01]}, 'wd2': {'values': [0.0001, 0.001, 0.01]}}}
2022-07-21 23:26:22,191 INFO    MainThread:43899 [wandb_init.py:init():548] starting backend
2022-07-21 23:26:22,191 INFO    MainThread:43899 [backend.py:_multiprocessing_setup():97] multiprocessing start_methods=spawn,fork,forkserver, using: spawn
2022-07-21 23:26:22,202 INFO    MainThread:43899 [backend.py:ensure_launched():217] starting backend process...
2022-07-21 23:26:22,210 INFO    MainThread:43899 [backend.py:ensure_launched():222] started backend process with pid: 43905
2022-07-21 23:26:22,217 INFO    MainThread:43899 [wandb_init.py:init():558] backend started and connected
2022-07-21 23:26:22,223 INFO    MainThread:43899 [wandb_init.py:init():634] updated telemetry
2022-07-21 23:26:22,225 INFO    MainThread:43899 [wandb_init.py:init():665] communicating run to backend with 30 second timeout
2022-07-21 23:26:22,988 INFO    MainThread:43899 [wandb_run.py:_on_init():1919] communicating current version
2022-07-21 23:26:23,062 INFO    MainThread:43899 [wandb_run.py:_on_init():1923] got version response 
2022-07-21 23:26:23,062 INFO    MainThread:43899 [wandb_init.py:init():700] starting run threads in backend
2022-07-21 23:26:23,084 INFO    MainThread:43899 [wandb_run.py:_console_start():1893] atexit reg
2022-07-21 23:26:23,085 INFO    MainThread:43899 [wandb_run.py:_redirect():1766] redirect: SettingsConsole.REDIRECT
2022-07-21 23:26:23,085 INFO    MainThread:43899 [wandb_run.py:_redirect():1771] Redirecting console.
2022-07-21 23:26:23,086 INFO    MainThread:43899 [wandb_run.py:_redirect():1827] Redirects installed.
2022-07-21 23:26:23,086 INFO    MainThread:43899 [wandb_init.py:init():732] run started, returning control to user process
2022-07-21 23:26:23,087 INFO    MainThread:43899 [pyagent.py:run():316] Starting sweep agent: entity=None, project=None, count=None
2022-07-21 23:26:23,394 INFO    Thread-12 :43899 [wandb_run.py:_finish():1680] finishing run graphs-stats-and-ml/contrastive-learning-on-graphs/36rhcaiw
2022-07-21 23:26:23,394 INFO    Thread-12 :43899 [wandb_run.py:_atexit_cleanup():1862] got exitcode: 1
2022-07-21 23:26:23,394 INFO    Thread-12 :43899 [wandb_run.py:_restore():1834] restore
2022-07-21 23:26:25,598 INFO    Thread-12 :43899 [wandb_run.py:_restore():1834] restore
2022-07-21 23:26:28,204 ERROR   Thread-12 :43899 [wandb_run.py:_atexit_cleanup():1883] Problem finishing run
Traceback (most recent call last):
  File "/Library/Frameworks/Python.framework/Versions/3.9/lib/python3.9/site-packages/wandb/agents/pyagent.py", line 300, in _run_job
    self._function()
TypeError: main() missing 1 required positional argument: 'args'

During handling of the above exception, another exception occurred:

Traceback (most recent call last):
  File "/Library/Frameworks/Python.framework/Versions/3.9/lib/python3.9/site-packages/wandb/sdk/wandb_run.py", line 1871, in _atexit_cleanup
    self._on_finish()
  File "/Library/Frameworks/Python.framework/Versions/3.9/lib/python3.9/site-packages/wandb/sdk/wandb_run.py", line 1972, in _on_finish
    self._console_stop()  # TODO: there's a race here with jupyter console logging
  File "/Library/Frameworks/Python.framework/Versions/3.9/lib/python3.9/site-packages/wandb/sdk/wandb_run.py", line 1911, in _console_stop
    self._restore()
  File "/Library/Frameworks/Python.framework/Versions/3.9/lib/python3.9/site-packages/wandb/sdk/wandb_run.py", line 1840, in _restore
    self._err_redir.uninstall()
  File "/Library/Frameworks/Python.framework/Versions/3.9/lib/python3.9/site-packages/wandb/sdk/lib/redirect.py", line 747, in uninstall
    _WSCH.remove_fd(self._pipe_read_fd)
  File "/Library/Frameworks/Python.framework/Versions/3.9/lib/python3.9/site-packages/wandb/sdk/lib/redirect.py", line 660, in remove_fd
    self._unregister()
  File "/Library/Frameworks/Python.framework/Versions/3.9/lib/python3.9/site-packages/wandb/sdk/lib/redirect.py", line 648, in _unregister
    signal.signal(signal.SIGWINCH, self._old_handler)
  File "/Library/Frameworks/Python.framework/Versions/3.9/lib/python3.9/signal.py", line 47, in signal
    handler = _signal.signal(_enum_to_int(signalnum), _enum_to_int(handler))
ValueError: signal only works in main thread of the main interpreter
